Using pre-set license
Built from '2020.3/release' branch; Version is '2020.3.44f1 (7f159b6136da) revision 8328603'; Using compiler version '192528614'; Build Type 'Release'
OS: 'Windows 11  (10.0.22000) 64bit CoreSingleLanguage' Language: 'en' Physical Memory: 12167 MB
BatchMode: 1, IsHumanControllingUs: 0, StartBugReporterOnCrash: 0, Is64bit: 1, IsPro: 0

COMMAND LINE ARGUMENTS:
C:\Dev\Unity\Unity3D\2020.3.44f1\Editor\Unity.exe
-adb2
-batchMode
-noUpm
-name
AssetImportWorker0
-projectPath
C:/Users/danif/Earth Day's Ahead
-logFile
Logs/AssetImportWorker0.log
-srvPort
51584
Successfully changed project path to: C:/Users/danif/Earth Day's Ahead
C:/Users/danif/Earth Day's Ahead
Using Asset Import Pipeline V2.
Player connection [8520] Host "[IP] 192.168.43.227 [Port] 1073956960 [Flags] 2 [Guid] 597185367 [EditorId] 597185367 [Version] 1048832 [Id] WindowsEditor(7,ASUS) [Debug] 1 [PackageName] WindowsEditor [ProjectName] Editor" joined multi-casting on [225.0.0.222:54997]...

Player connection [8520] Host "[IP] 192.168.43.227 [Port] 1073956960 [Flags] 2 [Guid] 597185367 [EditorId] 597185367 [Version] 1048832 [Id] WindowsEditor(7,ASUS) [Debug] 1 [PackageName] WindowsEditor [ProjectName] Editor" joined alternative multi-casting on [225.0.0.222:34997]...

Refreshing native plugins compatible for Editor in 93.18 ms, found 3 plugins.
Preloading 0 native plugins for Editor in 0.00 ms.
Initialize engine version: 2020.3.44f1 (7f159b6136da)
[Subsystems] Discovering subsystems at path C:/Dev/Unity/Unity3D/2020.3.44f1/Editor/Data/Resources/UnitySubsystems
[Subsystems] Discovering subsystems at path C:/Users/danif/Earth Day's Ahead/Assets
GfxDevice: creating device client; threaded=0
Direct3D:
    Version:  Direct3D 11.0 [level 11.0]
    Renderer: NVIDIA GeForce MX110 (ID=0x174e)
    Vendor:   
    VRAM:     2010 MB
    Driver:   27.21.14.6259
Initialize mono
Mono path[0] = 'C:/Dev/Unity/Unity3D/2020.3.44f1/Editor/Data/Managed'
Mono path[1] = 'C:/Dev/Unity/Unity3D/2020.3.44f1/Editor/Data/MonoBleedingEdge/lib/mono/unityjit'
Mono config path = 'C:/Dev/Unity/Unity3D/2020.3.44f1/Editor/Data/MonoBleedingEdge/etc'
Using monoOptions --debugger-agent=transport=dt_socket,embedding=1,server=y,suspend=n,address=127.0.0.1:56160
Begin MonoManager ReloadAssembly
Registering precompiled unity dll's ...
Register platform support module: C:/Dev/Unity/Unity3D/2020.3.44f1/Editor/Data/PlaybackEngines/WindowsStandaloneSupport/UnityEditor.WindowsStandalone.Extensions.dll
Registered in 0.007989 seconds.
Native extension for WindowsStandalone target not found
Refreshing native plugins compatible for Editor in 86.97 ms, found 3 plugins.
Preloading 0 native plugins for Editor in 0.00 ms.
Mono: successfully reloaded assembly
- Completed reload, in  1.179 seconds
Domain Reload Profiling:
	ReloadAssembly (1205ms)
		BeginReloadAssembly (116ms)
			ExecutionOrderSort (0ms)
			DisableScriptedObjects (0ms)
			BackupInstance (0ms)
			ReleaseScriptingObjects (0ms)
			CreateAndSetChildDomain (1ms)
		EndReloadAssembly (936ms)
			LoadAssemblies (106ms)
			RebuildTransferFunctionScriptingTraits (0ms)
			SetupTypeCache (262ms)
			ReleaseScriptCaches (0ms)
			RebuildScriptCaches (57ms)
			SetupLoadedEditorAssemblies (393ms)
				LogAssemblyErrors (0ms)
				InitializePlatformSupportModulesInManaged (13ms)
				SetLoadedEditorAssemblies (0ms)
				RefreshPlugins (135ms)
				BeforeProcessingInitializeOnLoad (28ms)
				ProcessInitializeOnLoadAttributes (167ms)
				ProcessInitializeOnLoadMethodAttributes (49ms)
				AfterProcessingInitializeOnLoad (0ms)
				EditorAssembliesLoaded (0ms)
			ExecutionOrderSort2 (0ms)
			AwakeInstancesAfterBackupRestoration (0ms)
Platform modules already initialized, skipping
Registering precompiled user dll's ...
Registered in 0.011290 seconds.
Begin MonoManager ReloadAssembly
Native extension for WindowsStandalone target not found
Refreshing native plugins compatible for Editor in 101.28 ms, found 3 plugins.
Preloading 0 native plugins for Editor in 0.00 ms.
Mono: successfully reloaded assembly
- Completed reload, in  2.246 seconds
Domain Reload Profiling:
	ReloadAssembly (2251ms)
		BeginReloadAssembly (385ms)
			ExecutionOrderSort (0ms)
			DisableScriptedObjects (13ms)
			BackupInstance (0ms)
			ReleaseScriptingObjects (0ms)
			CreateAndSetChildDomain (48ms)
		EndReloadAssembly (1710ms)
			LoadAssemblies (253ms)
			RebuildTransferFunctionScriptingTraits (0ms)
			SetupTypeCache (550ms)
			ReleaseScriptCaches (1ms)
			RebuildScriptCaches (95ms)
			SetupLoadedEditorAssemblies (667ms)
				LogAssemblyErrors (0ms)
				InitializePlatformSupportModulesInManaged (7ms)
				SetLoadedEditorAssemblies (0ms)
				RefreshPlugins (104ms)
				BeforeProcessingInitializeOnLoad (143ms)
				ProcessInitializeOnLoadAttributes (360ms)
				ProcessInitializeOnLoadMethodAttributes (37ms)
				AfterProcessingInitializeOnLoad (16ms)
				EditorAssembliesLoaded (0ms)
			ExecutionOrderSort2 (0ms)
			AwakeInstancesAfterBackupRestoration (3ms)
Platform modules already initialized, skipping
========================================================================
Worker process is ready to serve import requests
Launched and connected shader compiler UnityShaderCompiler.exe after 0.08 seconds
Refreshing native plugins compatible for Editor in 0.66 ms, found 3 plugins.
Preloading 0 native plugins for Editor in 0.00 ms.
Unloading 2207 Unused Serialized files (Serialized files now loaded: 0)
System memory in use before: 99.0 MB.
System memory in use after: 98.9 MB.

Unloading 31 unused Assets to reduce memory usage. Loaded Objects now: 2642.
Total: 5.154800 ms (FindLiveObjects: 0.315200 ms CreateObjectMapping: 0.186900 ms MarkObjects: 4.435900 ms  DeleteObjects: 0.214700 ms)

AssetImportParameters requested are different than current active one (requested -> active):
  custom:framework-win-MediaFoundation: 216162199b28c13a410421893ffa2e32 -> 
  custom:video-decoder-ogg-theora: a1e56fd34408186e4bbccfd4996cb3dc -> 
  custom:container-muxer-webm: aa71ff27fc2769a1b78a27578f13a17b -> 
  custom:container-demuxer-webm: 4f35f7cbe854078d1ac9338744f61a02 -> 
  custom:container-demuxer-ogg: 62fdf1f143b41e24485cea50d1cbac27 -> 
  custom:video-encoder-webm-vp8: eb34c28f22e8b96e1ab97ce403110664 -> 
  custom:video-decoder-webm-vp8: 9c59270c3fd7afecdb556c50c9e8de78 -> 
  custom:audio-decoder-ogg-vorbis: bf7c407c2cedff20999df2af8eb42d56 -> 
  custom:audio-encoder-webm-vorbis: bf7c407c2cedff20999df2af8eb42d56 -> 
========================================================================
Received Import Request.
  path: Assets/Scenes/Maps.unity
  artifactKey: Guid(9bc96f50186594142bbe6ba848eb2858) Importer(815301076,1909f56bfc062723c751e8b465ee728b)
Start importing Assets/Scenes/Maps.unity using Guid(9bc96f50186594142bbe6ba848eb2858) Importer(815301076,1909f56bfc062723c751e8b465ee728b)  -> (artifact id: '8662d862874fce24dbe5b5b3077e3ef2') in 0.012214 seconds 
========================================================================
Received Import Request.
  Time since last request: 15.121550 seconds.
  path: Assets/Scenes/Main Menu.unity
  artifactKey: Guid(a00588a60fb07144491a5e831a2dced4) Importer(815301076,1909f56bfc062723c751e8b465ee728b)
Start importing Assets/Scenes/Main Menu.unity using Guid(a00588a60fb07144491a5e831a2dced4) Importer(815301076,1909f56bfc062723c751e8b465ee728b)  -> (artifact id: '8cad5e0b7bbb5c8ad8c429a944755556') in 0.015076 seconds 
========================================================================
Received Import Request.
  Time since last request: 7.227057 seconds.
  path: Assets/Scenes/SplashScene.unity
  artifactKey: Guid(e9ea86b5ff1e3794f8deeaf6cd0b4c37) Importer(815301076,1909f56bfc062723c751e8b465ee728b)
Start importing Assets/Scenes/SplashScene.unity using Guid(e9ea86b5ff1e3794f8deeaf6cd0b4c37) Importer(815301076,1909f56bfc062723c751e8b465ee728b)  -> (artifact id: '3dea795358f2db74a4aca796d1b07cb4') in 0.017041 seconds 
========================================================================
Received Import Request.
  Time since last request: 1.216856 seconds.
  path: Assets/Scenes/SettingScene.unity
  artifactKey: Guid(06cc88ed6dccc4b4c8dc7c8bf5f0fd09) Importer(815301076,1909f56bfc062723c751e8b465ee728b)
Start importing Assets/Scenes/SettingScene.unity using Guid(06cc88ed6dccc4b4c8dc7c8bf5f0fd09) Importer(815301076,1909f56bfc062723c751e8b465ee728b)  -> (artifact id: '0787f622dc725bbc25fa39676ba1159a') in 0.012174 seconds 
========================================================================
Received Import Request.
  Time since last request: 685.481248 seconds.
  path: Assets/Script/Controllers/PanelController.cs
  artifactKey: Guid(aaa9d647086a52946ab0666633cafa27) Importer(815301076,1909f56bfc062723c751e8b465ee728b)
Start importing Assets/Script/Controllers/PanelController.cs using Guid(aaa9d647086a52946ab0666633cafa27) Importer(815301076,1909f56bfc062723c751e8b465ee728b)  -> (artifact id: '0426645789c6b326d4332b224f38b58f') in 0.095849 seconds 
========================================================================
Received Prepare
Registering precompiled user dll's ...
Registered in 0.016782 seconds.
Begin MonoManager ReloadAssembly
Native extension for WindowsStandalone target not found
Refreshing native plugins compatible for Editor in 1.17 ms, found 3 plugins.
Preloading 0 native plugins for Editor in 0.00 ms.
Mono: successfully reloaded assembly
- Completed reload, in  3.380 seconds
Domain Reload Profiling:
	ReloadAssembly (3385ms)
		BeginReloadAssembly (449ms)
			ExecutionOrderSort (0ms)
			DisableScriptedObjects (24ms)
			BackupInstance (0ms)
			ReleaseScriptingObjects (0ms)
			CreateAndSetChildDomain (216ms)
		EndReloadAssembly (2714ms)
			LoadAssemblies (266ms)
			RebuildTransferFunctionScriptingTraits (0ms)
			SetupTypeCache (872ms)
			ReleaseScriptCaches (2ms)
			RebuildScriptCaches (407ms)
			SetupLoadedEditorAssemblies (802ms)
				LogAssemblyErrors (0ms)
				InitializePlatformSupportModulesInManaged (9ms)
				SetLoadedEditorAssemblies (1ms)
				RefreshPlugins (2ms)
				BeforeProcessingInitializeOnLoad (251ms)
				ProcessInitializeOnLoadAttributes (482ms)
				ProcessInitializeOnLoadMethodAttributes (36ms)
				AfterProcessingInitializeOnLoad (20ms)
				EditorAssembliesLoaded (0ms)
			ExecutionOrderSort2 (0ms)
			AwakeInstancesAfterBackupRestoration (10ms)
Platform modules already initialized, skipping
Refreshing native plugins compatible for Editor in 1.05 ms, found 3 plugins.
Preloading 0 native plugins for Editor in 0.00 ms.
Unloading 2190 Unused Serialized files (Serialized files now loaded: 0)
System memory in use before: 97.8 MB.
System memory in use after: 97.7 MB.

Unloading 20 unused Assets to reduce memory usage. Loaded Objects now: 2646.
Total: 5.461500 ms (FindLiveObjects: 0.344300 ms CreateObjectMapping: 0.158100 ms MarkObjects: 4.713100 ms  DeleteObjects: 0.244300 ms)

AssetImportParameters requested are different than current active one (requested -> active):
  custom:framework-win-MediaFoundation: 216162199b28c13a410421893ffa2e32 -> 
  custom:video-decoder-ogg-theora: a1e56fd34408186e4bbccfd4996cb3dc -> 
  custom:container-muxer-webm: aa71ff27fc2769a1b78a27578f13a17b -> 
  custom:container-demuxer-webm: 4f35f7cbe854078d1ac9338744f61a02 -> 
  custom:container-demuxer-ogg: 62fdf1f143b41e24485cea50d1cbac27 -> 
  custom:video-encoder-webm-vp8: eb34c28f22e8b96e1ab97ce403110664 -> 
  custom:video-decoder-webm-vp8: 9c59270c3fd7afecdb556c50c9e8de78 -> 
  custom:audio-decoder-ogg-vorbis: bf7c407c2cedff20999df2af8eb42d56 -> 
  custom:audio-encoder-webm-vorbis: bf7c407c2cedff20999df2af8eb42d56 -> 
========================================================================
Received Import Request.
  Time since last request: 127.587501 seconds.
  path: Assets/Script/Controllers/PanelController.cs
  artifactKey: Guid(aaa9d647086a52946ab0666633cafa27) Importer(815301076,1909f56bfc062723c751e8b465ee728b)
Start importing Assets/Script/Controllers/PanelController.cs using Guid(aaa9d647086a52946ab0666633cafa27) Importer(815301076,1909f56bfc062723c751e8b465ee728b)  -> (artifact id: '6cfbb124dd64f821d8d142f0895079ae') in 0.022195 seconds 
========================================================================
Received Import Request.
  Time since last request: 636.501242 seconds.
  path: Assets/Script/Controllers/PanelController.cs
  artifactKey: Guid(aaa9d647086a52946ab0666633cafa27) Importer(815301076,1909f56bfc062723c751e8b465ee728b)
Start importing Assets/Script/Controllers/PanelController.cs using Guid(aaa9d647086a52946ab0666633cafa27) Importer(815301076,1909f56bfc062723c751e8b465ee728b)  -> (artifact id: 'f947abc41bc96e203fbda1df3e5054e2') in 0.022688 seconds 
========================================================================
Received Import Request.
  Time since last request: 82.892240 seconds.
  path: Assets/Script/Controllers/PanelController.cs
  artifactKey: Guid(aaa9d647086a52946ab0666633cafa27) Importer(815301076,1909f56bfc062723c751e8b465ee728b)
Start importing Assets/Script/Controllers/PanelController.cs using Guid(aaa9d647086a52946ab0666633cafa27) Importer(815301076,1909f56bfc062723c751e8b465ee728b)  -> (artifact id: 'ce6fd2718cb5bc8d3210ec1ac24da988') in 0.012661 seconds 
========================================================================
Received Prepare
Registering precompiled user dll's ...
Registered in 0.012069 seconds.
Begin MonoManager ReloadAssembly
Native extension for WindowsStandalone target not found
Refreshing native plugins compatible for Editor in 0.67 ms, found 3 plugins.
Preloading 0 native plugins for Editor in 0.00 ms.
Mono: successfully reloaded assembly
- Completed reload, in  2.055 seconds
Domain Reload Profiling:
	ReloadAssembly (2056ms)
		BeginReloadAssembly (211ms)
			ExecutionOrderSort (0ms)
			DisableScriptedObjects (12ms)
			BackupInstance (0ms)
			ReleaseScriptingObjects (0ms)
			CreateAndSetChildDomain (66ms)
		EndReloadAssembly (1721ms)
			LoadAssemblies (177ms)
			RebuildTransferFunctionScriptingTraits (0ms)
			SetupTypeCache (613ms)
			ReleaseScriptCaches (2ms)
			RebuildScriptCaches (90ms)
			SetupLoadedEditorAssemblies (652ms)
				LogAssemblyErrors (0ms)
				InitializePlatformSupportModulesInManaged (8ms)
				SetLoadedEditorAssemblies (2ms)
				RefreshPlugins (1ms)
				BeforeProcessingInitializeOnLoad (176ms)
				ProcessInitializeOnLoadAttributes (416ms)
				ProcessInitializeOnLoadMethodAttributes (32ms)
				AfterProcessingInitializeOnLoad (17ms)
				EditorAssembliesLoaded (0ms)
			ExecutionOrderSort2 (0ms)
			AwakeInstancesAfterBackupRestoration (8ms)
Platform modules already initialized, skipping
Refreshing native plugins compatible for Editor in 0.79 ms, found 3 plugins.
Preloading 0 native plugins for Editor in 0.00 ms.
Unloading 2190 Unused Serialized files (Serialized files now loaded: 0)
System memory in use before: 97.8 MB.
System memory in use after: 97.8 MB.

Unloading 20 unused Assets to reduce memory usage. Loaded Objects now: 2649.
Total: 5.769500 ms (FindLiveObjects: 0.477100 ms CreateObjectMapping: 0.227800 ms MarkObjects: 4.869400 ms  DeleteObjects: 0.193200 ms)

AssetImportParameters requested are different than current active one (requested -> active):
  custom:framework-win-MediaFoundation: 216162199b28c13a410421893ffa2e32 -> 
  custom:video-decoder-ogg-theora: a1e56fd34408186e4bbccfd4996cb3dc -> 
  custom:container-muxer-webm: aa71ff27fc2769a1b78a27578f13a17b -> 
  custom:container-demuxer-webm: 4f35f7cbe854078d1ac9338744f61a02 -> 
  custom:container-demuxer-ogg: 62fdf1f143b41e24485cea50d1cbac27 -> 
  custom:video-encoder-webm-vp8: eb34c28f22e8b96e1ab97ce403110664 -> 
  custom:video-decoder-webm-vp8: 9c59270c3fd7afecdb556c50c9e8de78 -> 
  custom:audio-decoder-ogg-vorbis: bf7c407c2cedff20999df2af8eb42d56 -> 
  custom:audio-encoder-webm-vorbis: bf7c407c2cedff20999df2af8eb42d56 -> 
========================================================================
Received Import Request.
  Time since last request: 35.509393 seconds.
  path: Assets/Script/Controllers/PanelController.cs
  artifactKey: Guid(aaa9d647086a52946ab0666633cafa27) Importer(815301076,1909f56bfc062723c751e8b465ee728b)
Start importing Assets/Script/Controllers/PanelController.cs using Guid(aaa9d647086a52946ab0666633cafa27) Importer(815301076,1909f56bfc062723c751e8b465ee728b)  -> (artifact id: 'f6743756406643bc23c38400a7b459d7') in 0.011476 seconds 
AssetImportWorkerClient::OnTransportError - code=2 error=End of file
